# JRE version: OpenJDK Runtime Environment Corretto-11.0.15.9.1 (11.0.15+9) (build 11.0.15+9-LTS)
# Java VM: OpenJDK 64-Bit Server VM Corretto-11.0.15.9.1 (11.0.15+9-LTS, mixed mode, tiered, compressed oops, g1 gc, windows-amd64)
Heap:
 garbage-first heap   total 69632K, used 12759K [0x00000000c8c00000, 0x0000000100000000)
  region size 1024K, 3 young (3072K), 1 survivors (1024K)
 Metaspace       used 24469K, capacity 25032K, committed 25216K, reserved 1071104K
  class space    used 2627K, capacity 2858K, committed 2944K, reserved 1048576K
GC Heap History (14 events):
Event: 1.206 GC heap before
{Heap before GC invocations=0 (full 0):
 garbage-first heap   total 57344K, used 13312K [0x00000000c8c00000, 0x0000000100000000)
  region size 1024K, 14 young (14336K), 0 survivors (0K)
 Metaspace       used 9042K, capacity 9185K, committed 9344K, reserved 1058816K
  class space    used 824K, capacity 887K, committed 896K, reserved 1048576K
}
Event: 1.215 GC heap after
{Heap after GC invocations=1 (full 0):
 garbage-first heap   total 57344K, used 5671K [0x00000000c8c00000, 0x0000000100000000)
  region size 1024K, 2 young (2048K), 2 survivors (2048K)
 Metaspace       used 9042K, capacity 9185K, committed 9344K, reserved 1058816K
  class space    used 824K, capacity 887K, committed 896K, reserved 1048576K
}
Event: 2.136 GC heap before
{Heap before GC invocations=1 (full 0):
 garbage-first heap   total 57344K, used 16935K [0x00000000c8c00000, 0x0000000100000000)
  region size 1024K, 14 young (14336K), 2 survivors (2048K)
 Metaspace       used 14311K, capacity 14668K, committed 14976K, reserved 1062912K
  class space    used 1414K, capacity 1555K, committed 1664K, reserved 1048576K
}
Event: 2.144 GC heap after
{Heap after GC invocations=2 (full 0):
 garbage-first heap   total 57344K, used 7377K [0x00000000c8c00000, 0x0000000100000000)
  region size 1024K, 2 young (2048K), 2 survivors (2048K)
 Metaspace       used 14311K, capacity 14668K, committed 14976K, reserved 1062912K
  class space    used 1414K, capacity 1555K, committed 1664K, reserved 1048576K
}
Event: 2.866 GC heap before
{Heap before GC invocations=2 (full 0):
 garbage-first heap   total 57344K, used 26833K [0x00000000c8c00000, 0x0000000100000000)
  region size 1024K, 21 young (21504K), 2 survivors (2048K)
 Metaspace       used 18470K, capacity 18937K, committed 19200K, reserved 1067008K
  class space    used 1855K, capacity 2037K, committed 2048K, reserved 1048576K
}
Event: 2.878 GC heap after
{Heap after GC invocations=3 (full 0):
 garbage-first heap   total 57344K, used 10582K [0x00000000c8c00000, 0x0000000100000000)
  region size 1024K, 3 young (3072K), 3 survivors (3072K)
 Metaspace       used 18470K, capacity 18937K, committed 19200K, reserved 1067008K
  class space    used 1855K, capacity 2037K, committed 2048K, reserved 1048576K
}
Event: 3.183 GC heap before
{Heap before GC invocations=3 (full 0):
 garbage-first heap   total 57344K, used 15702K [0x00000000c8c00000, 0x0000000100000000)
  region size 1024K, 9 young (9216K), 3 survivors (3072K)
 Metaspace       used 20651K, capacity 21119K, committed 21248K, reserved 1069056K
  class space    used 2143K, capacity 2295K, committed 2304K, reserved 1048576K
}
Event: 3.196 GC heap after
{Heap after GC invocations=4 (full 0):
 garbage-first heap   total 57344K, used 11487K [0x00000000c8c00000, 0x0000000100000000)
  region size 1024K, 1 young (1024K), 1 survivors (1024K)
 Metaspace       used 20651K, capacity 21119K, committed 21248K, reserved 1069056K
  class space    used 2143K, capacity 2295K, committed 2304K, reserved 1048576K
}
Event: 5.575 GC heap before
{Heap before GC invocations=5 (full 0):
 garbage-first heap   total 57344K, used 27871K [0x00000000c8c00000, 0x0000000100000000)
  region size 1024K, 18 young (18432K), 1 survivors (1024K)
 Metaspace       used 22796K, capacity 23212K, committed 23424K, reserved 1071104K
  class space    used 2399K, capacity 2565K, committed 2688K, reserved 1048576K
}
Event: 5.579 GC heap after
{Heap after GC invocations=6 (full 0):
 garbage-first heap   total 69632K, used 11624K [0x00000000c8c00000, 0x0000000100000000)
  region size 1024K, 1 young (1024K), 1 survivors (1024K)
 Metaspace       used 22796K, capacity 23212K, committed 23424K, reserved 1071104K
  class space    used 2399K, capacity 2565K, committed 2688K, reserved 1048576K
}
Event: 5.775 GC heap before
{Heap before GC invocations=6 (full 0):
 garbage-first heap   total 69632K, used 35176K [0x00000000c8c00000, 0x0000000100000000)
  region size 1024K, 24 young (24576K), 1 survivors (1024K)
 Metaspace       used 22892K, capacity 23357K, committed 23680K, reserved 1071104K
  class space    used 2402K, capacity 2569K, committed 2688K, reserved 1048576K
}
Event: 5.777 GC heap after
{Heap after GC invocations=7 (full 0):
 garbage-first heap   total 69632K, used 11663K [0x00000000c8c00000, 0x0000000100000000)
  region size 1024K, 1 young (1024K), 1 survivors (1024K)
 Metaspace       used 22892K, capacity 23357K, committed 23680K, reserved 1071104K
  class space    used 2402K, capacity 2569K, committed 2688K, reserved 1048576K
}
Event: 6.058 GC heap before
{Heap before GC invocations=7 (full 0):
 garbage-first heap   total 69632K, used 38287K [0x00000000c8c00000, 0x0000000100000000)
  region size 1024K, 27 young (27648K), 1 survivors (1024K)
 Metaspace       used 23964K, capacity 24500K, committed 24576K, reserved 1071104K
  class space    used 2557K, capacity 2741K, committed 2816K, reserved 1048576K
}
Event: 6.060 GC heap after
{Heap after GC invocations=8 (full 0):
 garbage-first heap   total 69632K, used 11735K [0x00000000c8c00000, 0x0000000100000000)
  region size 1024K, 1 young (1024K), 1 survivors (1024K)
 Metaspace       used 23964K, capacity 24500K, committed 24576K, reserved 1071104K
  class space    used 2557K, capacity 2741K, committed 2816K, reserved 1048576K
}

