# JRE version: OpenJDK Runtime Environment Corretto-11.0.15.9.1 (11.0.15+9) (build 11.0.15+9-LTS)
# Java VM: OpenJDK 64-Bit Server VM Corretto-11.0.15.9.1 (11.0.15+9-LTS, mixed mode, tiered, compressed oops, g1 gc, windows-amd64)
Heap:
 garbage-first heap   total 69632K, used 39111K [0x00000000c8c00000, 0x0000000100000000)
  region size 1024K, 27 young (27648K), 1 survivors (1024K)
 Metaspace       used 29126K, capacity 30535K, committed 30588K, reserved 1075200K
  class space    used 3346K, capacity 3931K, committed 3968K, reserved 1048576K
GC Heap History (20 events):
Event: 3.700 GC heap before
{Heap before GC invocations=2 (full 0):
 garbage-first heap   total 57344K, used 28900K [0x00000000c8c00000, 0x0000000100000000)
  region size 1024K, 23 young (23552K), 2 survivors (2048K)
 Metaspace       used 18341K, capacity 18837K, committed 18944K, reserved 1067008K
  class space    used 1870K, capacity 2048K, committed 2048K, reserved 1048576K
}
Event: 3.731 GC heap after
{Heap after GC invocations=3 (full 0):
 garbage-first heap   total 57344K, used 10158K [0x00000000c8c00000, 0x0000000100000000)
  region size 1024K, 3 young (3072K), 3 survivors (3072K)
 Metaspace       used 18341K, capacity 18837K, committed 18944K, reserved 1067008K
  class space    used 1870K, capacity 2048K, committed 2048K, reserved 1048576K
}
Event: 4.142 GC heap before
{Heap before GC invocations=3 (full 0):
 garbage-first heap   total 57344K, used 20398K [0x00000000c8c00000, 0x0000000100000000)
  region size 1024K, 14 young (14336K), 3 survivors (3072K)
 Metaspace       used 20740K, capacity 21209K, committed 21248K, reserved 1069056K
  class space    used 2137K, capacity 2284K, committed 2304K, reserved 1048576K
}
Event: 4.148 GC heap after
{Heap after GC invocations=4 (full 0):
 garbage-first heap   total 57344K, used 11254K [0x00000000c8c00000, 0x0000000100000000)
  region size 1024K, 1 young (1024K), 1 survivors (1024K)
 Metaspace       used 20740K, capacity 21209K, committed 21248K, reserved 1069056K
  class space    used 2137K, capacity 2284K, committed 2304K, reserved 1048576K
}
Event: 6.873 GC heap before
{Heap before GC invocations=5 (full 0):
 garbage-first heap   total 57344K, used 30710K [0x00000000c8c00000, 0x0000000100000000)
  region size 1024K, 20 young (20480K), 1 survivors (1024K)
 Metaspace       used 23243K, capacity 23720K, committed 23932K, reserved 1071104K
  class space    used 2451K, capacity 2647K, committed 2688K, reserved 1048576K
}
Event: 6.880 GC heap after
{Heap after GC invocations=6 (full 0):
 garbage-first heap   total 57344K, used 14818K [0x00000000c8c00000, 0x0000000100000000)
  region size 1024K, 3 young (3072K), 3 survivors (3072K)
 Metaspace       used 23243K, capacity 23720K, committed 23932K, reserved 1071104K
  class space    used 2451K, capacity 2647K, committed 2688K, reserved 1048576K
}
Event: 6.986 GC heap before
{Heap before GC invocations=6 (full 0):
 garbage-first heap   total 57344K, used 33250K [0x00000000c8c00000, 0x0000000100000000)
  region size 1024K, 21 young (21504K), 3 survivors (3072K)
 Metaspace       used 23429K, capacity 23994K, committed 24188K, reserved 1071104K
  class space    used 2455K, capacity 2651K, committed 2688K, reserved 1048576K
}
Event: 6.989 GC heap after
{Heap after GC invocations=7 (full 0):
 garbage-first heap   total 57344K, used 13922K [0x00000000c8c00000, 0x0000000100000000)
  region size 1024K, 1 young (1024K), 1 survivors (1024K)
 Metaspace       used 23429K, capacity 23994K, committed 24188K, reserved 1071104K
  class space    used 2455K, capacity 2651K, committed 2688K, reserved 1048576K
}
Event: 7.078 GC heap before
{Heap before GC invocations=7 (full 0):
 garbage-first heap   total 57344K, used 34402K [0x00000000c8c00000, 0x0000000100000000)
  region size 1024K, 21 young (21504K), 1 survivors (1024K)
 Metaspace       used 23445K, capacity 23995K, committed 24188K, reserved 1071104K
  class space    used 2455K, capacity 2651K, committed 2688K, reserved 1048576K
}
Event: 7.079 GC heap after
{Heap after GC invocations=8 (full 0):
 garbage-first heap   total 57344K, used 13656K [0x00000000c8c00000, 0x0000000100000000)
  region size 1024K, 1 young (1024K), 1 survivors (1024K)
 Metaspace       used 23445K, capacity 23995K, committed 24188K, reserved 1071104K
  class space    used 2455K, capacity 2651K, committed 2688K, reserved 1048576K
}
Event: 7.224 GC heap before
{Heap before GC invocations=8 (full 0):
 garbage-first heap   total 57344K, used 35160K [0x00000000c8c00000, 0x0000000100000000)
  region size 1024K, 23 young (23552K), 1 survivors (1024K)
 Metaspace       used 23456K, capacity 24007K, committed 24188K, reserved 1071104K
  class space    used 2457K, capacity 2655K, committed 2688K, reserved 1048576K
}
Event: 7.225 GC heap after
{Heap after GC invocations=9 (full 0):
 garbage-first heap   total 57344K, used 13552K [0x00000000c8c00000, 0x0000000100000000)
  region size 1024K, 1 young (1024K), 1 survivors (1024K)
 Metaspace       used 23456K, capacity 24007K, committed 24188K, reserved 1071104K
  class space    used 2457K, capacity 2655K, committed 2688K, reserved 1048576K
}
Event: 7.295 GC heap before
{Heap before GC invocations=9 (full 0):
 garbage-first heap   total 57344K, used 38128K [0x00000000c8c00000, 0x0000000100000000)
  region size 1024K, 25 young (25600K), 1 survivors (1024K)
 Metaspace       used 23456K, capacity 24007K, committed 24188K, reserved 1071104K
  class space    used 2457K, capacity 2655K, committed 2688K, reserved 1048576K
}
Event: 7.295 GC heap after
{Heap after GC invocations=10 (full 0):
 garbage-first heap   total 57344K, used 13554K [0x00000000c8c00000, 0x0000000100000000)
  region size 1024K, 1 young (1024K), 1 survivors (1024K)
 Metaspace       used 23456K, capacity 24007K, committed 24188K, reserved 1071104K
  class space    used 2457K, capacity 2655K, committed 2688K, reserved 1048576K
}
Event: 7.380 GC heap before
{Heap before GC invocations=10 (full 0):
 garbage-first heap   total 57344K, used 38130K [0x00000000c8c00000, 0x0000000100000000)
  region size 1024K, 26 young (26624K), 1 survivors (1024K)
 Metaspace       used 23458K, capacity 24008K, committed 24188K, reserved 1071104K
  class space    used 2457K, capacity 2655K, committed 2688K, reserved 1048576K
}
Event: 7.381 GC heap after
{Heap after GC invocations=11 (full 0):
 garbage-first heap   total 57344K, used 13541K [0x00000000c8c00000, 0x0000000100000000)
  region size 1024K, 1 young (1024K), 1 survivors (1024K)
 Metaspace       used 23458K, capacity 24008K, committed 24188K, reserved 1071104K
  class space    used 2457K, capacity 2655K, committed 2688K, reserved 1048576K
}
Event: 7.464 GC heap before
{Heap before GC invocations=11 (full 0):
 garbage-first heap   total 57344K, used 40165K [0x00000000c8c00000, 0x0000000100000000)
  region size 1024K, 27 young (27648K), 1 survivors (1024K)
 Metaspace       used 23459K, capacity 24008K, committed 24188K, reserved 1071104K
  class space    used 2457K, capacity 2655K, committed 2688K, reserved 1048576K
}
Event: 7.465 GC heap after
{Heap after GC invocations=12 (full 0):
 garbage-first heap   total 57344K, used 13554K [0x00000000c8c00000, 0x0000000100000000)
  region size 1024K, 1 young (1024K), 1 survivors (1024K)
 Metaspace       used 23459K, capacity 24008K, committed 24188K, reserved 1071104K
  class space    used 2457K, capacity 2655K, committed 2688K, reserved 1048576K
}
Event: 7.765 GC heap before
{Heap before GC invocations=12 (full 0):
 garbage-first heap   total 57344K, used 40178K [0x00000000c8c00000, 0x0000000100000000)
  region size 1024K, 28 young (28672K), 1 survivors (1024K)
 Metaspace       used 24498K, capacity 25046K, committed 25084K, reserved 1071104K
  class space    used 2596K, capacity 2793K, committed 2816K, reserved 1048576K
}
Event: 7.768 GC heap after
{Heap after GC invocations=13 (full 0):
 garbage-first heap   total 69632K, used 13511K [0x00000000c8c00000, 0x0000000100000000)
  region size 1024K, 1 young (1024K), 1 survivors (1024K)
 Metaspace       used 24498K, capacity 25046K, committed 25084K, reserved 1071104K
  class space    used 2596K, capacity 2793K, committed 2816K, reserved 1048576K
}

