# JRE version: OpenJDK Runtime Environment Corretto-11.0.15.9.1 (11.0.15+9) (build 11.0.15+9-LTS)
# Java VM: OpenJDK 64-Bit Server VM Corretto-11.0.15.9.1 (11.0.15+9-LTS, mixed mode, tiered, compressed oops, g1 gc, windows-amd64)
Heap:
 garbage-first heap   total 69632K, used 22072K [0x00000000c8c00000, 0x0000000100000000)
  region size 1024K, 12 young (12288K), 1 survivors (1024K)
 Metaspace       used 27278K, capacity 28205K, committed 28288K, reserved 1075200K
  class space    used 3050K, capacity 3438K, committed 3456K, reserved 1048576K
GC Heap History (14 events):
Event: 0.928 GC heap before
{Heap before GC invocations=0 (full 0):
 garbage-first heap   total 57344K, used 13312K [0x00000000c8c00000, 0x0000000100000000)
  region size 1024K, 14 young (14336K), 0 survivors (0K)
 Metaspace       used 9042K, capacity 9185K, committed 9344K, reserved 1058816K
  class space    used 825K, capacity 887K, committed 896K, reserved 1048576K
}
Event: 0.935 GC heap after
{Heap after GC invocations=1 (full 0):
 garbage-first heap   total 57344K, used 6184K [0x00000000c8c00000, 0x0000000100000000)
  region size 1024K, 2 young (2048K), 2 survivors (2048K)
 Metaspace       used 9042K, capacity 9185K, committed 9344K, reserved 1058816K
  class space    used 825K, capacity 887K, committed 896K, reserved 1048576K
}
Event: 1.566 GC heap before
{Heap before GC invocations=1 (full 0):
 garbage-first heap   total 57344K, used 14376K [0x00000000c8c00000, 0x0000000100000000)
  region size 1024K, 11 young (11264K), 2 survivors (2048K)
 Metaspace       used 13662K, capacity 13913K, committed 14080K, reserved 1062912K
  class space    used 1334K, capacity 1451K, committed 1536K, reserved 1048576K
}
Event: 1.573 GC heap after
{Heap after GC invocations=2 (full 0):
 garbage-first heap   total 57344K, used 7345K [0x00000000c8c00000, 0x0000000100000000)
  region size 1024K, 2 young (2048K), 2 survivors (2048K)
 Metaspace       used 13662K, capacity 13913K, committed 14080K, reserved 1062912K
  class space    used 1334K, capacity 1451K, committed 1536K, reserved 1048576K
}
Event: 2.198 GC heap before
{Heap before GC invocations=2 (full 0):
 garbage-first heap   total 57344K, used 25777K [0x00000000c8c00000, 0x0000000100000000)
  region size 1024K, 20 young (20480K), 2 survivors (2048K)
 Metaspace       used 17733K, capacity 18144K, committed 18432K, reserved 1064960K
  class space    used 1803K, capacity 1965K, committed 2048K, reserved 1048576K
}
Event: 2.206 GC heap after
{Heap after GC invocations=3 (full 0):
 garbage-first heap   total 57344K, used 9424K [0x00000000c8c00000, 0x0000000100000000)
  region size 1024K, 3 young (3072K), 3 survivors (3072K)
 Metaspace       used 17733K, capacity 18144K, committed 18432K, reserved 1064960K
  class space    used 1803K, capacity 1965K, committed 2048K, reserved 1048576K
}
Event: 2.638 GC heap before
{Heap before GC invocations=3 (full 0):
 garbage-first heap   total 57344K, used 18640K [0x00000000c8c00000, 0x0000000100000000)
  region size 1024K, 13 young (13312K), 3 survivors (3072K)
 Metaspace       used 20614K, capacity 21053K, committed 21248K, reserved 1069056K
  class space    used 2143K, capacity 2295K, committed 2304K, reserved 1048576K
}
Event: 2.650 GC heap after
{Heap after GC invocations=4 (full 0):
 garbage-first heap   total 57344K, used 11197K [0x00000000c8c00000, 0x0000000100000000)
  region size 1024K, 2 young (2048K), 2 survivors (2048K)
 Metaspace       used 20614K, capacity 21053K, committed 21248K, reserved 1069056K
  class space    used 2143K, capacity 2295K, committed 2304K, reserved 1048576K
}
Event: 4.375 GC heap before
{Heap before GC invocations=5 (full 0):
 garbage-first heap   total 57344K, used 29629K [0x00000000c8c00000, 0x0000000100000000)
  region size 1024K, 20 young (20480K), 2 survivors (2048K)
 Metaspace       used 22772K, capacity 23210K, committed 23424K, reserved 1071104K
  class space    used 2399K, capacity 2565K, committed 2688K, reserved 1048576K
}
Event: 4.381 GC heap after
{Heap after GC invocations=6 (full 0):
 garbage-first heap   total 69632K, used 11906K [0x00000000c8c00000, 0x0000000100000000)
  region size 1024K, 1 young (1024K), 1 survivors (1024K)
 Metaspace       used 22772K, capacity 23210K, committed 23424K, reserved 1071104K
  class space    used 2399K, capacity 2565K, committed 2688K, reserved 1048576K
}
Event: 4.562 GC heap before
{Heap before GC invocations=6 (full 0):
 garbage-first heap   total 69632K, used 35458K [0x00000000c8c00000, 0x0000000100000000)
  region size 1024K, 24 young (24576K), 1 survivors (1024K)
 Metaspace       used 22852K, capacity 23291K, committed 23424K, reserved 1071104K
  class space    used 2402K, capacity 2569K, committed 2688K, reserved 1048576K
}
Event: 4.564 GC heap after
{Heap after GC invocations=7 (full 0):
 garbage-first heap   total 69632K, used 11644K [0x00000000c8c00000, 0x0000000100000000)
  region size 1024K, 1 young (1024K), 1 survivors (1024K)
 Metaspace       used 22852K, capacity 23291K, committed 23424K, reserved 1071104K
  class space    used 2402K, capacity 2569K, committed 2688K, reserved 1048576K
}
Event: 4.973 GC heap before
{Heap before GC invocations=7 (full 0):
 garbage-first heap   total 69632K, used 39292K [0x00000000c8c00000, 0x0000000100000000)
  region size 1024K, 28 young (28672K), 1 survivors (1024K)
 Metaspace       used 24003K, capacity 24504K, committed 24832K, reserved 1071104K
  class space    used 2567K, capacity 2743K, committed 2816K, reserved 1048576K
}
Event: 4.975 GC heap after
{Heap after GC invocations=8 (full 0):
 garbage-first heap   total 69632K, used 11832K [0x00000000c8c00000, 0x0000000100000000)
  region size 1024K, 1 young (1024K), 1 survivors (1024K)
 Metaspace       used 24003K, capacity 24504K, committed 24832K, reserved 1071104K
  class space    used 2567K, capacity 2743K, committed 2816K, reserved 1048576K
}

